<?xml version="1.0" encoding="UTF-8"?>
<!-- Generated by org.testng.reporters.JUnitReportReporter -->
<testsuite hostname="L-IN-5CG1051FCQ" failures="0" tests="6" name="test.day3" time="0.012" errors="0" timestamp="2023-06-26T09:48:27 IST" skipped="1">
  <testcase classname="test.day3" name="MobilesignoutcarLoan" time="0.002"/>
  <testcase classname="test.day3" name="MobileLogincarLoan" time="0.002"/>
  <testcase classname="test.day3" name="MobilesignoutcarLoan" time="0.002"/>
  <testcase classname="test.day3" name="MobilesignoutcarLoan" time="0.004"/>
  <testcase classname="test.day3" name="WeblogincarLoan" time="0.002"/>
  <testcase classname="test.day3" name="MobilesignincarLoan">
    <skipped/>
  </testcase> <!-- MobilesignincarLoan -->
</testsuite> <!-- test.day3 -->
