<?xml version="1.0" encoding="UTF-8"?>
<!-- Generated by org.testng.reporters.JUnitReportReporter -->
<testsuite hostname="L-IN-5CG1051FCQ" failures="0" tests="1" name="test.day2" time="0.001" errors="0" timestamp="2023-06-26T09:48:27 IST" skipped="0">
  <testcase classname="test.day2" name="ploan" time="0.001"/>
</testsuite> <!-- test.day2 -->
