<?xml version="1.0" encoding="UTF-8"?>
<!-- Generated by org.testng.reporters.JUnitReportReporter -->
<testsuite hostname="L-IN-5CG1051FCQ" failures="0" tests="3" name="test.day4" time="0.005" errors="0" timestamp="2023-06-26T09:48:27 IST" skipped="0">
  <testcase classname="test.day4" name="LoginApIHomeLoan" time="0.001"/>
  <testcase classname="test.day4" name="WebloginHomeLoan" time="0.002"/>
  <testcase classname="test.day4" name="MobileLoginHomeLoan" time="0.002"/>
</testsuite> <!-- test.day4 -->
